e:\aaa_programming4_exam_project\exam_assignment_engine\minigin\x64\release\animatedspritecomponent.obj
e:\aaa_programming4_exam_project\exam_assignment_engine\minigin\x64\release\b2blockallocator.obj
e:\aaa_programming4_exam_project\exam_assignment_engine\minigin\x64\release\b2body.obj
e:\aaa_programming4_exam_project\exam_assignment_engine\minigin\x64\release\b2broadphase.obj
e:\aaa_programming4_exam_project\exam_assignment_engine\minigin\x64\release\b2chainandcirclecontact.obj
e:\aaa_programming4_exam_project\exam_assignment_engine\minigin\x64\release\b2chainandpolygoncontact.obj
e:\aaa_programming4_exam_project\exam_assignment_engine\minigin\x64\release\b2chainshape.obj
e:\aaa_programming4_exam_project\exam_assignment_engine\minigin\x64\release\b2circlecontact.obj
e:\aaa_programming4_exam_project\exam_assignment_engine\minigin\x64\release\b2circleshape.obj
e:\aaa_programming4_exam_project\exam_assignment_engine\minigin\x64\release\b2collidecircle.obj
e:\aaa_programming4_exam_project\exam_assignment_engine\minigin\x64\release\b2collideedge.obj
e:\aaa_programming4_exam_project\exam_assignment_engine\minigin\x64\release\b2collidepolygon.obj
e:\aaa_programming4_exam_project\exam_assignment_engine\minigin\x64\release\b2collision.obj
e:\aaa_programming4_exam_project\exam_assignment_engine\minigin\x64\release\b2contact.obj
e:\aaa_programming4_exam_project\exam_assignment_engine\minigin\x64\release\b2contactmanager.obj
e:\aaa_programming4_exam_project\exam_assignment_engine\minigin\x64\release\b2contactsolver.obj
e:\aaa_programming4_exam_project\exam_assignment_engine\minigin\x64\release\b2distance.obj
e:\aaa_programming4_exam_project\exam_assignment_engine\minigin\x64\release\b2distancejoint.obj
e:\aaa_programming4_exam_project\exam_assignment_engine\minigin\x64\release\b2draw.obj
e:\aaa_programming4_exam_project\exam_assignment_engine\minigin\x64\release\b2dynamictree.obj
e:\aaa_programming4_exam_project\exam_assignment_engine\minigin\x64\release\b2edgeandcirclecontact.obj
e:\aaa_programming4_exam_project\exam_assignment_engine\minigin\x64\release\b2edgeandpolygoncontact.obj
e:\aaa_programming4_exam_project\exam_assignment_engine\minigin\x64\release\b2edgeshape.obj
e:\aaa_programming4_exam_project\exam_assignment_engine\minigin\x64\release\b2fixture.obj
e:\aaa_programming4_exam_project\exam_assignment_engine\minigin\x64\release\b2frictionjoint.obj
e:\aaa_programming4_exam_project\exam_assignment_engine\minigin\x64\release\b2gearjoint.obj
e:\aaa_programming4_exam_project\exam_assignment_engine\minigin\x64\release\b2island.obj
e:\aaa_programming4_exam_project\exam_assignment_engine\minigin\x64\release\b2joint.obj
e:\aaa_programming4_exam_project\exam_assignment_engine\minigin\x64\release\b2math.obj
e:\aaa_programming4_exam_project\exam_assignment_engine\minigin\x64\release\b2motorjoint.obj
e:\aaa_programming4_exam_project\exam_assignment_engine\minigin\x64\release\b2mousejoint.obj
e:\aaa_programming4_exam_project\exam_assignment_engine\minigin\x64\release\b2polygonandcirclecontact.obj
e:\aaa_programming4_exam_project\exam_assignment_engine\minigin\x64\release\b2polygoncontact.obj
e:\aaa_programming4_exam_project\exam_assignment_engine\minigin\x64\release\b2polygonshape.obj
e:\aaa_programming4_exam_project\exam_assignment_engine\minigin\x64\release\b2prismaticjoint.obj
e:\aaa_programming4_exam_project\exam_assignment_engine\minigin\x64\release\b2pulleyjoint.obj
e:\aaa_programming4_exam_project\exam_assignment_engine\minigin\x64\release\b2revolutejoint.obj
e:\aaa_programming4_exam_project\exam_assignment_engine\minigin\x64\release\b2rope.obj
e:\aaa_programming4_exam_project\exam_assignment_engine\minigin\x64\release\b2ropejoint.obj
e:\aaa_programming4_exam_project\exam_assignment_engine\minigin\x64\release\b2settings.obj
e:\aaa_programming4_exam_project\exam_assignment_engine\minigin\x64\release\b2stackallocator.obj
e:\aaa_programming4_exam_project\exam_assignment_engine\minigin\x64\release\b2timeofimpact.obj
e:\aaa_programming4_exam_project\exam_assignment_engine\minigin\x64\release\b2timer.obj
e:\aaa_programming4_exam_project\exam_assignment_engine\minigin\x64\release\b2weldjoint.obj
e:\aaa_programming4_exam_project\exam_assignment_engine\minigin\x64\release\b2wheeljoint.obj
e:\aaa_programming4_exam_project\exam_assignment_engine\minigin\x64\release\b2world.obj
e:\aaa_programming4_exam_project\exam_assignment_engine\minigin\x64\release\b2worldcallbacks.obj
e:\aaa_programming4_exam_project\exam_assignment_engine\minigin\x64\release\basecomponent.obj
e:\aaa_programming4_exam_project\exam_assignment_engine\minigin\x64\release\font.obj
e:\aaa_programming4_exam_project\exam_assignment_engine\minigin\x64\release\fpscountercomponent.obj
e:\aaa_programming4_exam_project\exam_assignment_engine\minigin\x64\release\gameinfo.obj
e:\aaa_programming4_exam_project\exam_assignment_engine\minigin\x64\release\gameobject.obj
e:\aaa_programming4_exam_project\exam_assignment_engine\minigin\x64\release\inputmanager.obj
e:\aaa_programming4_exam_project\exam_assignment_engine\minigin\x64\release\log.obj
e:\aaa_programming4_exam_project\exam_assignment_engine\minigin\x64\release\main.obj
e:\aaa_programming4_exam_project\exam_assignment_engine\minigin\x64\release\minigin.obj
e:\aaa_programming4_exam_project\exam_assignment_engine\minigin\x64\release\miniginpch.obj
e:\aaa_programming4_exam_project\exam_assignment_engine\minigin\x64\release\renderer.obj
e:\aaa_programming4_exam_project\exam_assignment_engine\minigin\x64\release\resourcemanager.obj
e:\aaa_programming4_exam_project\exam_assignment_engine\minigin\x64\release\scene.obj
e:\aaa_programming4_exam_project\exam_assignment_engine\minigin\x64\release\scenemanager.obj
e:\aaa_programming4_exam_project\exam_assignment_engine\minigin\x64\release\spritecomponent.obj
e:\aaa_programming4_exam_project\exam_assignment_engine\minigin\x64\release\testscene.obj
e:\aaa_programming4_exam_project\exam_assignment_engine\minigin\x64\release\textcomponent.obj
e:\aaa_programming4_exam_project\exam_assignment_engine\minigin\x64\release\texture2d.obj
e:\aaa_programming4_exam_project\exam_assignment_engine\minigin\x64\release\transformcomponent.obj
e:\aaa_programming4_exam_project\exam_assignment_engine\minigin\x64\release\minigin.pch
e:\aaa_programming4_exam_project\exam_assignment_engine\x64\release\minigin.exe
