  MiniginPCH.cpp
  AiComponent.cpp
  AnimatedSpriteComponent.cpp
  ColliderComponent.cpp
  FpsCounterComponent.cpp
  GameInfo.cpp
  GameObject.cpp
  GridLevel.cpp
  GridTile.cpp
  InputAction.cpp
  InputComponent.cpp
  InputManager.cpp
  Logger.cpp
  Main.cpp
  Minigin.cpp
  CollisionCallbacks.cpp
  PhysicsBodyComponent.cpp
  PhysicsDebugDrawer.cpp
  Renderer.cpp
  ResourceManager.cpp
  Scene.cpp
  Compiling...
  SceneManager.cpp
  ScriptComponent.cpp
  StateMachineComponent.cpp
  StateTransition.cpp
  Response.cpp
  TextComponent.cpp
  SpriteComponent.cpp
  TransformComponent.cpp
  Minigin.vcxproj -> E:\AAA_Programming4_Exam_Project\Exam_Assignment_Engine\x64\Release\Minigin.lib
  E:\AAA_Programming4_Exam_Project\Exam_Assignment_Engine\3rdParty\SDL2\lib\x64\SDL2.dll
  1 File(s) copied
  E:\AAA_Programming4_Exam_Project\Exam_Assignment_Engine\3rdParty\SDL2_image\lib\x64\libjpeg-9.dll
  E:\AAA_Programming4_Exam_Project\Exam_Assignment_Engine\3rdParty\SDL2_image\lib\x64\libpng16-16.dll
  E:\AAA_Programming4_Exam_Project\Exam_Assignment_Engine\3rdParty\SDL2_image\lib\x64\libtiff-5.dll
  E:\AAA_Programming4_Exam_Project\Exam_Assignment_Engine\3rdParty\SDL2_image\lib\x64\libwebp-7.dll
  E:\AAA_Programming4_Exam_Project\Exam_Assignment_Engine\3rdParty\SDL2_image\lib\x64\SDL2_image.dll
  E:\AAA_Programming4_Exam_Project\Exam_Assignment_Engine\3rdParty\SDL2_image\lib\x64\zlib1.dll
  6 File(s) copied
  E:\AAA_Programming4_Exam_Project\Exam_Assignment_Engine\3rdParty\SDL2_ttf\lib\x64\libfreetype-6.dll
  E:\AAA_Programming4_Exam_Project\Exam_Assignment_Engine\3rdParty\SDL2_ttf\lib\x64\SDL2_ttf.dll
  2 File(s) copied
