e:\aaa_programming4_exam_project\exam_assignment_engine\win32\release\minigin.lib
e:\aaa_programming4_exam_project\exam_assignment_engine\minigin\win32\release\scene.obj
e:\aaa_programming4_exam_project\exam_assignment_engine\minigin\win32\release\resourcemanager.obj
e:\aaa_programming4_exam_project\exam_assignment_engine\minigin\win32\release\renderer.obj
e:\aaa_programming4_exam_project\exam_assignment_engine\minigin\win32\release\physicsdebugdrawer.obj
e:\aaa_programming4_exam_project\exam_assignment_engine\minigin\win32\release\physicsbodycomponent.obj
e:\aaa_programming4_exam_project\exam_assignment_engine\minigin\win32\release\collisioncallbacks.obj
e:\aaa_programming4_exam_project\exam_assignment_engine\minigin\win32\release\minigin.obj
e:\aaa_programming4_exam_project\exam_assignment_engine\minigin\win32\release\main.obj
e:\aaa_programming4_exam_project\exam_assignment_engine\minigin\win32\release\logger.obj
e:\aaa_programming4_exam_project\exam_assignment_engine\minigin\win32\release\inputmanager.obj
e:\aaa_programming4_exam_project\exam_assignment_engine\minigin\win32\release\inputcomponent.obj
e:\aaa_programming4_exam_project\exam_assignment_engine\minigin\win32\release\inputaction.obj
e:\aaa_programming4_exam_project\exam_assignment_engine\minigin\win32\release\gridtile.obj
e:\aaa_programming4_exam_project\exam_assignment_engine\minigin\win32\release\gridlevel.obj
e:\aaa_programming4_exam_project\exam_assignment_engine\minigin\win32\release\gameobject.obj
e:\aaa_programming4_exam_project\exam_assignment_engine\minigin\win32\release\gameinfo.obj
e:\aaa_programming4_exam_project\exam_assignment_engine\minigin\win32\release\fpscountercomponent.obj
e:\aaa_programming4_exam_project\exam_assignment_engine\minigin\win32\release\collidercomponent.obj
e:\aaa_programming4_exam_project\exam_assignment_engine\minigin\win32\release\animatedspritecomponent.obj
e:\aaa_programming4_exam_project\exam_assignment_engine\minigin\win32\release\aicomponent.obj
e:\aaa_programming4_exam_project\exam_assignment_engine\minigin\win32\release\transformcomponent.obj
e:\aaa_programming4_exam_project\exam_assignment_engine\minigin\win32\release\spritecomponent.obj
e:\aaa_programming4_exam_project\exam_assignment_engine\minigin\win32\release\textcomponent.obj
e:\aaa_programming4_exam_project\exam_assignment_engine\minigin\win32\release\response.obj
e:\aaa_programming4_exam_project\exam_assignment_engine\minigin\win32\release\statetransition.obj
e:\aaa_programming4_exam_project\exam_assignment_engine\minigin\win32\release\statemachinecomponent.obj
e:\aaa_programming4_exam_project\exam_assignment_engine\minigin\win32\release\scriptcomponent.obj
e:\aaa_programming4_exam_project\exam_assignment_engine\minigin\win32\release\scenemanager.obj
e:\aaa_programming4_exam_project\exam_assignment_engine\minigin\win32\release\minigin.tlog\cl.command.1.tlog
e:\aaa_programming4_exam_project\exam_assignment_engine\minigin\win32\release\minigin.tlog\cl.read.1.tlog
e:\aaa_programming4_exam_project\exam_assignment_engine\minigin\win32\release\minigin.tlog\cl.write.1.tlog
e:\aaa_programming4_exam_project\exam_assignment_engine\minigin\win32\release\minigin.tlog\lib-link.read.1.tlog
e:\aaa_programming4_exam_project\exam_assignment_engine\minigin\win32\release\minigin.tlog\lib-link.write.1.tlog
e:\aaa_programming4_exam_project\exam_assignment_engine\minigin\win32\release\minigin.tlog\lib.command.1.tlog
