e:\aaa_programming4_exam_project\exam_assignment_engine\digdug\release\digdug.pch
e:\aaa_programming4_exam_project\exam_assignment_engine\digdug\release\vc141.pdb
e:\aaa_programming4_exam_project\exam_assignment_engine\digdug\release\pch.obj
e:\aaa_programming4_exam_project\exam_assignment_engine\digdug\release\digduglevel.obj
e:\aaa_programming4_exam_project\exam_assignment_engine\digdug\release\digdugstates.obj
e:\aaa_programming4_exam_project\exam_assignment_engine\digdug\release\inputresponses.obj
e:\aaa_programming4_exam_project\exam_assignment_engine\digdug\release\game.obj
e:\aaa_programming4_exam_project\exam_assignment_engine\digdug\release\prefabs.obj
e:\aaa_programming4_exam_project\exam_assignment_engine\digdug\release\menuinputresponses.obj
e:\aaa_programming4_exam_project\exam_assignment_engine\digdug\release\menuandhud.obj
e:\aaa_programming4_exam_project\exam_assignment_engine\digdug\release\globalscene.obj
e:\aaa_programming4_exam_project\exam_assignment_engine\digdug\release\enemystates.obj
e:\aaa_programming4_exam_project\exam_assignment_engine\digdug\release\digdugcharacter.obj
e:\aaa_programming4_exam_project\exam_assignment_engine\digdug\release\collisionresponses.obj
e:\aaa_programming4_exam_project\exam_assignment_engine\release\digdug.lib
e:\aaa_programming4_exam_project\exam_assignment_engine\release\digdug.exp
e:\aaa_programming4_exam_project\exam_assignment_engine\release\digdug.ipdb
e:\aaa_programming4_exam_project\exam_assignment_engine\release\digdug.iobj
e:\aaa_programming4_exam_project\exam_assignment_engine\release\digdug.exe
e:\aaa_programming4_exam_project\exam_assignment_engine\release\digdug.pdb
e:\aaa_programming4_exam_project\exam_assignment_engine\digdug\release\digdug.tlog\cl.command.1.tlog
e:\aaa_programming4_exam_project\exam_assignment_engine\digdug\release\digdug.tlog\cl.read.1.tlog
e:\aaa_programming4_exam_project\exam_assignment_engine\digdug\release\digdug.tlog\cl.write.1.tlog
e:\aaa_programming4_exam_project\exam_assignment_engine\digdug\release\digdug.tlog\digdug.write.1u.tlog
e:\aaa_programming4_exam_project\exam_assignment_engine\digdug\release\digdug.tlog\link.command.1.tlog
e:\aaa_programming4_exam_project\exam_assignment_engine\digdug\release\digdug.tlog\link.read.1.tlog
e:\aaa_programming4_exam_project\exam_assignment_engine\digdug\release\digdug.tlog\link.write.1.tlog
