e:\aaa_programming4_exam_project\exam_assignment_engine\minigin\win32\debug\vc141.pdb
e:\aaa_programming4_exam_project\exam_assignment_engine\minigin\win32\debug\vc141.idb
e:\aaa_programming4_exam_project\exam_assignment_engine\minigin\win32\debug\transformcomponent.obj
e:\aaa_programming4_exam_project\exam_assignment_engine\minigin\win32\debug\spritecomponent.obj
e:\aaa_programming4_exam_project\exam_assignment_engine\minigin\win32\debug\texture2d.obj
e:\aaa_programming4_exam_project\exam_assignment_engine\minigin\win32\debug\textcomponent.obj
e:\aaa_programming4_exam_project\exam_assignment_engine\minigin\win32\debug\testscene.obj
e:\aaa_programming4_exam_project\exam_assignment_engine\minigin\win32\debug\scenemanager.obj
e:\aaa_programming4_exam_project\exam_assignment_engine\minigin\win32\debug\scene.obj
e:\aaa_programming4_exam_project\exam_assignment_engine\minigin\win32\debug\resourcemanager.obj
e:\aaa_programming4_exam_project\exam_assignment_engine\minigin\win32\debug\renderer.obj
e:\aaa_programming4_exam_project\exam_assignment_engine\minigin\win32\debug\minigin.obj
e:\aaa_programming4_exam_project\exam_assignment_engine\minigin\win32\debug\main.obj
e:\aaa_programming4_exam_project\exam_assignment_engine\minigin\win32\debug\log.obj
e:\aaa_programming4_exam_project\exam_assignment_engine\minigin\win32\debug\inputmanager.obj
e:\aaa_programming4_exam_project\exam_assignment_engine\minigin\win32\debug\gameobject.obj
e:\aaa_programming4_exam_project\exam_assignment_engine\minigin\win32\debug\gameinfo.obj
e:\aaa_programming4_exam_project\exam_assignment_engine\minigin\win32\debug\font.obj
e:\aaa_programming4_exam_project\exam_assignment_engine\minigin\win32\debug\basecomponent.obj
e:\aaa_programming4_exam_project\exam_assignment_engine\minigin\win32\debug\engine.pch
e:\aaa_programming4_exam_project\exam_assignment_engine\minigin\win32\debug\miniginpch.obj
e:\aaa_programming4_exam_project\exam_assignment_engine\win32\debug\engine.lib
e:\aaa_programming4_exam_project\exam_assignment_engine\win32\debug\engine.exp
e:\aaa_programming4_exam_project\exam_assignment_engine\win32\debug\engine.exe
e:\aaa_programming4_exam_project\exam_assignment_engine\win32\debug\engine.ilk
e:\aaa_programming4_exam_project\exam_assignment_engine\win32\debug\engine.pdb
e:\aaa_programming4_exam_project\exam_assignment_engine\minigin\win32\debug\engine.tlog\cl.command.1.tlog
e:\aaa_programming4_exam_project\exam_assignment_engine\minigin\win32\debug\engine.tlog\cl.read.1.tlog
e:\aaa_programming4_exam_project\exam_assignment_engine\minigin\win32\debug\engine.tlog\cl.write.1.tlog
e:\aaa_programming4_exam_project\exam_assignment_engine\minigin\win32\debug\engine.tlog\engine.write.1u.tlog
e:\aaa_programming4_exam_project\exam_assignment_engine\minigin\win32\debug\engine.tlog\link.command.1.tlog
e:\aaa_programming4_exam_project\exam_assignment_engine\minigin\win32\debug\engine.tlog\link.read.1.tlog
e:\aaa_programming4_exam_project\exam_assignment_engine\minigin\win32\debug\engine.tlog\link.write.1.tlog
